[2025-11-14 00:43:05Z INFO HostContext] No proxy settings were found based on environmental variables (http_proxy/https_proxy/HTTP_PROXY/HTTPS_PROXY)
[2025-11-14 00:43:05Z INFO HostContext] Well known directory 'Bin': 'C:\Users\denie\OneDrive\Desktop\Ecommerce\ci-cd\actions-runner\bin'
[2025-11-14 00:43:05Z INFO HostContext] Well known directory 'Root': 'C:\Users\denie\OneDrive\Desktop\Ecommerce\ci-cd\actions-runner'
[2025-11-14 00:43:05Z INFO HostContext] Well known config file 'Credentials': 'C:\Users\denie\OneDrive\Desktop\Ecommerce\ci-cd\actions-runner\.credentials'
[2025-11-14 00:43:05Z INFO HostContext] Well known directory 'Bin': 'C:\Users\denie\OneDrive\Desktop\Ecommerce\ci-cd\actions-runner\bin'
[2025-11-14 00:43:05Z INFO HostContext] Well known directory 'Root': 'C:\Users\denie\OneDrive\Desktop\Ecommerce\ci-cd\actions-runner'
[2025-11-14 00:43:05Z INFO HostContext] Well known config file 'Runner': 'C:\Users\denie\OneDrive\Desktop\Ecommerce\ci-cd\actions-runner\.runner'
[2025-11-14 00:43:05Z INFO Listener] Runner is built for Windows (X64) - win-x64.
[2025-11-14 00:43:05Z INFO Listener] RuntimeInformation: Microsoft Windows 10.0.26200.
[2025-11-14 00:43:05Z INFO Listener] Version: 2.329.0
[2025-11-14 00:43:05Z INFO Listener] Commit: c76c59996c8fa32e989164a5a695efb12608ae5a
[2025-11-14 00:43:05Z INFO Listener] Culture: pt-BR
[2025-11-14 00:43:05Z INFO Listener] UI Culture: pt-BR
[2025-11-14 00:43:05Z INFO HostContext] Well known directory 'Bin': 'C:\Users\denie\OneDrive\Desktop\Ecommerce\ci-cd\actions-runner\bin'
[2025-11-14 00:43:05Z INFO HostContext] Well known directory 'Root': 'C:\Users\denie\OneDrive\Desktop\Ecommerce\ci-cd\actions-runner'
[2025-11-14 00:43:05Z INFO Listener] Validating directory permissions for: 'C:\Users\denie\OneDrive\Desktop\Ecommerce\ci-cd\actions-runner'
[2025-11-14 00:43:05Z INFO CommandLineParser] Parse
[2025-11-14 00:43:05Z INFO CommandLineParser] Parsing 1 args
[2025-11-14 00:43:05Z INFO CommandLineParser] parsing argument
[2025-11-14 00:43:05Z INFO CommandLineParser] HasArgs: False
[2025-11-14 00:43:05Z INFO CommandLineParser] Adding Command: run
[2025-11-14 00:43:05Z INFO Listener] Arguments parsed
[2025-11-14 00:43:05Z INFO Runner] ExecuteCommand
[2025-11-14 00:43:05Z INFO ConfigurationStore] currentAssemblyLocation: C:\Users\denie\OneDrive\Desktop\Ecommerce\ci-cd\actions-runner\bin\Runner.Listener.dll
[2025-11-14 00:43:05Z INFO HostContext] Well known directory 'Bin': 'C:\Users\denie\OneDrive\Desktop\Ecommerce\ci-cd\actions-runner\bin'
[2025-11-14 00:43:05Z INFO ConfigurationStore] binPath: C:\Users\denie\OneDrive\Desktop\Ecommerce\ci-cd\actions-runner\bin
[2025-11-14 00:43:05Z INFO HostContext] Well known directory 'Bin': 'C:\Users\denie\OneDrive\Desktop\Ecommerce\ci-cd\actions-runner\bin'
[2025-11-14 00:43:05Z INFO HostContext] Well known directory 'Root': 'C:\Users\denie\OneDrive\Desktop\Ecommerce\ci-cd\actions-runner'
[2025-11-14 00:43:05Z INFO ConfigurationStore] RootFolder: C:\Users\denie\OneDrive\Desktop\Ecommerce\ci-cd\actions-runner
[2025-11-14 00:43:05Z INFO HostContext] Well known directory 'Bin': 'C:\Users\denie\OneDrive\Desktop\Ecommerce\ci-cd\actions-runner\bin'
[2025-11-14 00:43:05Z INFO HostContext] Well known directory 'Root': 'C:\Users\denie\OneDrive\Desktop\Ecommerce\ci-cd\actions-runner'
[2025-11-14 00:43:05Z INFO HostContext] Well known config file 'Runner': 'C:\Users\denie\OneDrive\Desktop\Ecommerce\ci-cd\actions-runner\.runner'
[2025-11-14 00:43:05Z INFO ConfigurationStore] ConfigFilePath: C:\Users\denie\OneDrive\Desktop\Ecommerce\ci-cd\actions-runner\.runner
[2025-11-14 00:43:05Z INFO HostContext] Well known directory 'Bin': 'C:\Users\denie\OneDrive\Desktop\Ecommerce\ci-cd\actions-runner\bin'
[2025-11-14 00:43:05Z INFO HostContext] Well known directory 'Root': 'C:\Users\denie\OneDrive\Desktop\Ecommerce\ci-cd\actions-runner'
[2025-11-14 00:43:05Z INFO HostContext] Well known config file 'MigratedRunner': 'C:\Users\denie\OneDrive\Desktop\Ecommerce\ci-cd\actions-runner\.runner_migrated'
[2025-11-14 00:43:05Z INFO ConfigurationStore] MigratedConfigFilePath: C:\Users\denie\OneDrive\Desktop\Ecommerce\ci-cd\actions-runner\.runner_migrated
[2025-11-14 00:43:05Z INFO HostContext] Well known directory 'Bin': 'C:\Users\denie\OneDrive\Desktop\Ecommerce\ci-cd\actions-runner\bin'
[2025-11-14 00:43:05Z INFO HostContext] Well known directory 'Root': 'C:\Users\denie\OneDrive\Desktop\Ecommerce\ci-cd\actions-runner'
[2025-11-14 00:43:05Z INFO HostContext] Well known config file 'Credentials': 'C:\Users\denie\OneDrive\Desktop\Ecommerce\ci-cd\actions-runner\.credentials'
[2025-11-14 00:43:05Z INFO ConfigurationStore] CredFilePath: C:\Users\denie\OneDrive\Desktop\Ecommerce\ci-cd\actions-runner\.credentials
[2025-11-14 00:43:05Z INFO HostContext] Well known directory 'Bin': 'C:\Users\denie\OneDrive\Desktop\Ecommerce\ci-cd\actions-runner\bin'
[2025-11-14 00:43:05Z INFO HostContext] Well known directory 'Root': 'C:\Users\denie\OneDrive\Desktop\Ecommerce\ci-cd\actions-runner'
[2025-11-14 00:43:05Z INFO HostContext] Well known config file 'MigratedCredentials': 'C:\Users\denie\OneDrive\Desktop\Ecommerce\ci-cd\actions-runner\.credentials_migrated'
[2025-11-14 00:43:05Z INFO ConfigurationStore] MigratedCredFilePath: C:\Users\denie\OneDrive\Desktop\Ecommerce\ci-cd\actions-runner\.credentials_migrated
[2025-11-14 00:43:05Z INFO HostContext] Well known directory 'Bin': 'C:\Users\denie\OneDrive\Desktop\Ecommerce\ci-cd\actions-runner\bin'
[2025-11-14 00:43:05Z INFO HostContext] Well known directory 'Root': 'C:\Users\denie\OneDrive\Desktop\Ecommerce\ci-cd\actions-runner'
[2025-11-14 00:43:05Z INFO HostContext] Well known config file 'Service': 'C:\Users\denie\OneDrive\Desktop\Ecommerce\ci-cd\actions-runner\.service'
[2025-11-14 00:43:05Z INFO ConfigurationStore] ServiceConfigFilePath: C:\Users\denie\OneDrive\Desktop\Ecommerce\ci-cd\actions-runner\.service
[2025-11-14 00:43:05Z INFO CommandSettings] Flag 'help': 'False'
[2025-11-14 00:43:05Z INFO CommandSettings] Flag 'version': 'False'
[2025-11-14 00:43:05Z INFO CommandSettings] Flag 'commit': 'False'
[2025-11-14 00:43:05Z INFO CommandSettings] Flag 'check': 'False'
[2025-11-14 00:43:05Z INFO CommandSettings] Command 'configure': 'False'
[2025-11-14 00:43:05Z INFO CommandSettings] Command 'remove': 'False'
[2025-11-14 00:43:05Z INFO CommandSettings] Command 'warmup': 'False'
[2025-11-14 00:43:05Z INFO ConfigurationManager] LoadSettings
[2025-11-14 00:43:05Z INFO ConfigurationStore] IsConfigured()
[2025-11-14 00:43:05Z INFO ConfigurationStore] IsConfigured: True
[2025-11-14 00:43:05Z INFO ConfigurationManager] Is configured: True
[2025-11-14 00:43:05Z INFO ConfigurationStore] Read setting file: 388 chars
[2025-11-14 00:43:05Z INFO ConfigurationManager] Settings Loaded
[2025-11-14 00:43:05Z INFO ConfigurationStore] IsServiceConfigured()
[2025-11-14 00:43:05Z INFO ConfigurationStore] IsServiceConfigured: False
[2025-11-14 00:43:05Z INFO CommandSettings] Command 'run': 'True'
[2025-11-14 00:43:05Z INFO ConfigurationStore] IsConfigured()
[2025-11-14 00:43:05Z INFO ConfigurationStore] IsConfigured: True
[2025-11-14 00:43:05Z INFO ConfigurationManager] Is configured: True
[2025-11-14 00:43:05Z INFO Runner] Could not parse the argument value '' for StartupType. Defaulting to Manual
[2025-11-14 00:43:05Z INFO Runner] Set runner startup type - Manual
[2025-11-14 00:43:05Z INFO CommandSettings] Flag 'once': 'False'
[2025-11-14 00:43:05Z INFO CommandSettings] Flag 'once': 'False'
[2025-11-14 00:43:05Z INFO Runner] RunAsync
[2025-11-14 00:43:05Z INFO ConfigurationManager] LoadMigratedSettings
[2025-11-14 00:43:05Z INFO ConfigurationStore] IsMigratedConfigured()
[2025-11-14 00:43:05Z INFO ConfigurationStore] IsMigratedConfigured: False
[2025-11-14 00:43:05Z INFO Runner] Failed to load migrated settings: No migrated configuration found.
[2025-11-14 00:43:05Z INFO Runner] Falling back to original .runner settings
[2025-11-14 00:43:05Z INFO Runner] Using BrokerMessageListener
[2025-11-14 00:43:05Z INFO BrokerMessageListener] Using provided settings
[2025-11-14 00:43:05Z INFO BrokerMessageListener] {
  "AgentId": 2,
  "AgentName": "DENIELKAS",
  "PoolId": 1,
  "PoolName": "Default",
  "ServerUrl": "https://pipelinesghubeus25.actions.githubusercontent.com/PrQOZAEEike9r8NQTpztKIejdTxyplFjNqQkQw1B0UdjuvcAeS/",
  "GitHubUrl": "https://github.com/Denielkas/ci-cd",
  "WorkFolder": "_work",
  "UseV2Flow": true,
  "ServerUrlV2": "https://broker.actions.githubusercontent.com/"
}
[2025-11-14 00:43:05Z INFO BrokerMessageListener] Loading Credentials
[2025-11-14 00:43:05Z INFO ConfigurationStore] HasCredentials()
[2025-11-14 00:43:05Z INFO ConfigurationStore] stored True
[2025-11-14 00:43:05Z INFO CredentialManager] GetCredentialProvider
[2025-11-14 00:43:05Z INFO CredentialManager] Creating type OAuth
[2025-11-14 00:43:05Z INFO CredentialManager] Creating credential type: OAuth
[2025-11-14 00:43:05Z INFO HostContext] Well known directory 'Bin': 'C:\Users\denie\OneDrive\Desktop\Ecommerce\ci-cd\actions-runner\bin'
[2025-11-14 00:43:05Z INFO HostContext] Well known directory 'Root': 'C:\Users\denie\OneDrive\Desktop\Ecommerce\ci-cd\actions-runner'
[2025-11-14 00:43:05Z INFO HostContext] Well known config file 'RSACredentials': 'C:\Users\denie\OneDrive\Desktop\Ecommerce\ci-cd\actions-runner\.credentials_rsaparams'
[2025-11-14 00:43:05Z INFO RSAEncryptedFileKeyManager] Loading RSA key parameters from file C:\Users\denie\OneDrive\Desktop\Ecommerce\ci-cd\actions-runner\.credentials_rsaparams
[2025-11-14 00:43:05Z INFO BrokerMessageListener] Attempt to create session.
[2025-11-14 00:43:05Z INFO BrokerMessageListener] Connecting to the Broker Server...
[2025-11-14 00:43:05Z INFO ConfigurationStore] HasCredentials()
[2025-11-14 00:43:05Z INFO ConfigurationStore] stored True
[2025-11-14 00:43:05Z INFO CredentialManager] GetCredentialProvider
[2025-11-14 00:43:05Z INFO CredentialManager] Creating type OAuth
[2025-11-14 00:43:05Z INFO CredentialManager] Creating credential type: OAuth
[2025-11-14 00:43:05Z INFO RSAEncryptedFileKeyManager] Loading RSA key parameters from file C:\Users\denie\OneDrive\Desktop\Ecommerce\ci-cd\actions-runner\.credentials_rsaparams
[2025-11-14 00:43:05Z INFO BrokerMessageListener] VssConnection created
[2025-11-14 00:43:05Z INFO BrokerMessageListener] Connecting to the Runner server...
[2025-11-14 00:43:05Z INFO RunnerServer] EstablishVssConnection
[2025-11-14 00:43:05Z INFO RunnerServer] Establish connection with 100 seconds timeout.
[2025-11-14 00:43:05Z INFO GitHubActionsService] Starting operation Location.GetConnectionData
[2025-11-14 00:43:05Z INFO RunnerServer] EstablishVssConnection
[2025-11-14 00:43:05Z INFO RunnerServer] Establish connection with 60 seconds timeout.
[2025-11-14 00:43:05Z INFO GitHubActionsService] Starting operation Location.GetConnectionData
[2025-11-14 00:43:05Z INFO RunnerServer] EstablishVssConnection
[2025-11-14 00:43:05Z INFO RunnerServer] Establish connection with 60 seconds timeout.
[2025-11-14 00:43:05Z INFO GitHubActionsService] Starting operation Location.GetConnectionData
[2025-11-14 00:43:06Z INFO GitHubActionsService] Finished operation Location.GetConnectionData
[2025-11-14 00:43:06Z INFO GitHubActionsService] Finished operation Location.GetConnectionData
[2025-11-14 00:43:06Z INFO GitHubActionsService] Finished operation Location.GetConnectionData
[2025-11-14 00:43:06Z INFO BrokerMessageListener] VssConnection created
[2025-11-14 00:43:06Z INFO Terminal] WRITE LINE: 
[2025-11-14 00:43:06Z INFO Terminal] WRITE LINE: 
[2025-11-14 00:43:06Z INFO RSAEncryptedFileKeyManager] Loading RSA key parameters from file C:\Users\denie\OneDrive\Desktop\Ecommerce\ci-cd\actions-runner\.credentials_rsaparams
[2025-11-14 00:43:06Z INFO RSAEncryptedFileKeyManager] Loading RSA key parameters from file C:\Users\denie\OneDrive\Desktop\Ecommerce\ci-cd\actions-runner\.credentials_rsaparams
[2025-11-14 00:43:07Z INFO GitHubActionsService] AAD Correlation ID for this token request: Unknown
[2025-11-14 00:43:07Z INFO BrokerMessageListener] Session created.
[2025-11-14 00:43:07Z INFO Terminal] WRITE LINE: Current runner version: '2.329.0'
[2025-11-14 00:43:07Z INFO Terminal] WRITE LINE: 2025-11-14 00:43:07Z: Listening for Jobs
[2025-11-14 00:43:07Z INFO JobDispatcher] Set runner/worker IPC timeout to 30 seconds.
[2025-11-14 00:43:08Z INFO BrokerMessageListener] Acknowledging runner request '76929aae-b934-5827-ac97-f31180397d19'.
[2025-11-14 00:43:09Z INFO ConfigurationStore] HasCredentials()
[2025-11-14 00:43:09Z INFO ConfigurationStore] stored True
[2025-11-14 00:43:09Z INFO CredentialManager] GetCredentialProvider
[2025-11-14 00:43:09Z INFO CredentialManager] Creating type OAuth
[2025-11-14 00:43:09Z INFO CredentialManager] Creating credential type: OAuth
[2025-11-14 00:43:09Z INFO RSAEncryptedFileKeyManager] Loading RSA key parameters from file C:\Users\denie\OneDrive\Desktop\Ecommerce\ci-cd\actions-runner\.credentials_rsaparams
[2025-11-14 00:43:09Z INFO RSAEncryptedFileKeyManager] Loading RSA key parameters from file C:\Users\denie\OneDrive\Desktop\Ecommerce\ci-cd\actions-runner\.credentials_rsaparams
[2025-11-14 00:43:09Z INFO RSAEncryptedFileKeyManager] Loading RSA key parameters from file C:\Users\denie\OneDrive\Desktop\Ecommerce\ci-cd\actions-runner\.credentials_rsaparams
[2025-11-14 00:43:10Z INFO GitHubActionsService] AAD Correlation ID for this token request: Unknown
[2025-11-14 00:43:12Z INFO JobDispatcher] Job request 0 for plan 5ed91d91-0574-4200-8375-5ad3ad31e704 job 76929aae-b934-5827-ac97-f31180397d19 received.
[2025-11-14 00:43:12Z INFO JobDispatcher] Pull OrchestrationId 5ed91d91-0574-4200-8375-5ad3ad31e704.deploy.__default from JWT claims
[2025-11-14 00:43:12Z INFO BrokerMessageListener] Received job status event. JobState: Busy
[2025-11-14 00:43:12Z INFO BrokerMessageListener] _getMessagesTokenSource is already disposed.
[2025-11-14 00:43:12Z INFO Terminal] WRITE LINE: 2025-11-14 00:43:12Z: Running job: deploy
[2025-11-14 00:43:12Z INFO JobDispatcher] Start renew job request 0 for job 76929aae-b934-5827-ac97-f31180397d19.
[2025-11-14 00:43:12Z INFO JobDispatcher] Successfully renew job 76929aae-b934-5827-ac97-f31180397d19, job is valid till 14/11/2025 00:53:12
[2025-11-14 00:43:12Z INFO HostContext] Well known directory 'Bin': 'C:\Users\denie\OneDrive\Desktop\Ecommerce\ci-cd\actions-runner\bin'
[2025-11-14 00:43:12Z INFO ProcessInvokerWrapper] Starting process:
[2025-11-14 00:43:12Z INFO ProcessInvokerWrapper]   File name: 'C:\Users\denie\OneDrive\Desktop\Ecommerce\ci-cd\actions-runner\bin\Runner.Worker.exe'
[2025-11-14 00:43:12Z INFO ProcessInvokerWrapper]   Arguments: 'spawnclient 2264 2288'
[2025-11-14 00:43:12Z INFO ProcessInvokerWrapper]   Working directory: 'C:\Users\denie\OneDrive\Desktop\Ecommerce\ci-cd\actions-runner\bin'
[2025-11-14 00:43:12Z INFO ProcessInvokerWrapper]   Require exit code zero: 'False'
[2025-11-14 00:43:12Z INFO ProcessInvokerWrapper]   Encoding web name:  ; code page: ''
[2025-11-14 00:43:12Z INFO ProcessInvokerWrapper]   Force kill process on cancellation: 'True'
[2025-11-14 00:43:12Z INFO ProcessInvokerWrapper]   Redirected STDIN: 'False'
[2025-11-14 00:43:12Z INFO ProcessInvokerWrapper]   Persist current code page: 'False'
[2025-11-14 00:43:12Z INFO ProcessInvokerWrapper]   Keep redirected STDIN open: 'False'
[2025-11-14 00:43:12Z INFO ProcessInvokerWrapper]   High priority process: 'True'
[2025-11-14 00:43:12Z INFO ProcessInvokerWrapper] Process started with process id 26248, waiting for process exit.
[2025-11-14 00:43:12Z INFO JobDispatcher] Send job request message to worker for job 76929aae-b934-5827-ac97-f31180397d19.
[2025-11-14 00:43:12Z INFO ProcessChannel] Sending message of length 36637, with hash '935641f3b3dc565c2745055ba65175b13f77e71e254fc21149ff979a1545a65d'
[2025-11-14 00:43:12Z INFO JobNotification] Entering JobStarted Notification
[2025-11-14 00:43:12Z INFO JobNotification] Entering StartMonitor
[2025-11-14 00:44:12Z INFO JobDispatcher] Successfully renew job 76929aae-b934-5827-ac97-f31180397d19, job is valid till 14/11/2025 00:54:12
[2025-11-14 00:45:13Z INFO JobDispatcher] Successfully renew job 76929aae-b934-5827-ac97-f31180397d19, job is valid till 14/11/2025 00:55:12
[2025-11-14 00:46:09Z INFO ProcessInvokerWrapper] STDOUT/STDERR stream read finished.
[2025-11-14 00:46:09Z INFO ProcessInvokerWrapper] STDOUT/STDERR stream read finished.
[2025-11-14 00:46:09Z INFO ProcessInvokerWrapper] Finished process 26248 with exit code 102, and elapsed time 00:02:56.6802807.
[2025-11-14 00:46:09Z INFO JobDispatcher] Worker finished for job 76929aae-b934-5827-ac97-f31180397d19. Code: 102
[2025-11-14 00:46:09Z INFO JobDispatcher] finish job request for job 76929aae-b934-5827-ac97-f31180397d19 with result: Failed
[2025-11-14 00:46:09Z INFO Terminal] WRITE LINE: 2025-11-14 00:46:09Z: Job deploy completed with result: Failed
[2025-11-14 00:46:09Z INFO JobDispatcher] Stop renew job request for job 76929aae-b934-5827-ac97-f31180397d19.
[2025-11-14 00:46:09Z INFO JobDispatcher] job renew has been cancelled, stop renew job 76929aae-b934-5827-ac97-f31180397d19.
[2025-11-14 00:46:09Z INFO JobNotification] Entering JobCompleted Notification
[2025-11-14 00:46:09Z INFO JobNotification] Entering EndMonitor
[2025-11-14 00:46:09Z INFO BrokerMessageListener] Received job status event. JobState: Online
[2025-11-14 00:46:09Z WARN GitHubActionsService] GET request to https://broker.actions.githubusercontent.com/message?sessionId=4d3e1bd8-4af2-4abf-b593-39c422f8e5bc&status=Busy&runnerVersion=2.329.0&os=Windows&architecture=X64&disableUpdate=false has been cancelled.
[2025-11-14 00:46:09Z ERR  BrokerServer] Catch exception during request
[2025-11-14 00:46:09Z ERR  BrokerServer] System.Threading.Tasks.TaskCanceledException: The operation was canceled.
 ---> System.Threading.Tasks.TaskCanceledException: The operation was canceled.
 ---> System.IO.IOException: Unable to read data from the transport connection: A operação de E/S foi anulada devido a uma saída de thread ou a uma requisição de aplicativo..
 ---> System.Net.Sockets.SocketException (995): A operação de E/S foi anulada devido a uma saída de thread ou a uma requisição de aplicativo.
   --- End of inner exception stack trace ---
   at System.Net.Sockets.Socket.AwaitableSocketAsyncEventArgs.System.Threading.Tasks.Sources.IValueTaskSource<System.Int32>.GetResult(Int16 token)
   at System.Net.Security.SslStream.EnsureFullTlsFrameAsync[TIOAdapter](CancellationToken cancellationToken, Int32 estimatedSize)
   at System.Runtime.CompilerServices.PoolingAsyncValueTaskMethodBuilder`1.StateMachineBox`1.System.Threading.Tasks.Sources.IValueTaskSource<TResult>.GetResult(Int16 token)
   at System.Net.Security.SslStream.ReadAsyncInternal[TIOAdapter](Memory`1 buffer, CancellationToken cancellationToken)
   at System.Runtime.CompilerServices.PoolingAsyncValueTaskMethodBuilder`1.StateMachineBox`1.System.Threading.Tasks.Sources.IValueTaskSource<TResult>.GetResult(Int16 token)
   at System.Net.Http.HttpConnection.SendAsync(HttpRequestMessage request, Boolean async, CancellationToken cancellationToken)
   --- End of inner exception stack trace ---
   at System.Net.Http.HttpConnection.SendAsync(HttpRequestMessage request, Boolean async, CancellationToken cancellationToken)
   at System.Net.Http.AuthenticationHelper.SendWithNtAuthAsync(HttpRequestMessage request, Uri authUri, Boolean async, ICredentials credentials, Boolean isProxyAuth, HttpConnection connection, HttpConnectionPool connectionPool, CancellationToken cancellationToken)
   at System.Net.Http.HttpConnectionPool.SendWithVersionDetectionAndRetryAsync(HttpRequestMessage request, Boolean async, Boolean doRequestAuth, CancellationToken cancellationToken)
   at System.Net.Http.AuthenticationHelper.SendWithAuthAsync(HttpRequestMessage request, Uri authUri, Boolean async, ICredentials credentials, Boolean preAuthenticate, Boolean isProxyAuth, Boolean doRequestAuth, HttpConnectionPool pool, CancellationToken cancellationToken)
   at System.Net.Http.RedirectHandler.SendAsync(HttpRequestMessage request, Boolean async, CancellationToken cancellationToken)
   at GitHub.Services.Common.RawHttpMessageHandler.SendAsync(HttpRequestMessage request, CancellationToken cancellationToken)
   at GitHub.Services.Common.VssHttpRetryMessageHandler.SendAsync(HttpRequestMessage request, CancellationToken cancellationToken)
   at System.Net.Http.HttpClient.<SendAsync>g__Core|83_0(HttpRequestMessage request, HttpCompletionOption completionOption, CancellationTokenSource cts, Boolean disposeCts, CancellationTokenSource pendingRequestsCts, CancellationToken originalCancellationToken)
   --- End of inner exception stack trace ---
   at System.Net.Http.HttpClient.HandleFailure(Exception e, Boolean telemetryStarted, HttpResponseMessage response, CancellationTokenSource cts, CancellationToken cancellationToken, CancellationTokenSource pendingRequestsCts)
   at System.Net.Http.HttpClient.<SendAsync>g__Core|83_0(HttpRequestMessage request, HttpCompletionOption completionOption, CancellationTokenSource cts, Boolean disposeCts, CancellationTokenSource pendingRequestsCts, CancellationToken originalCancellationToken)
   at Sdk.WebApi.WebApi.RawHttpClientBase.SendAsync(HttpRequestMessage message, HttpCompletionOption completionOption, Object userState, CancellationToken cancellationToken)
   at Sdk.WebApi.WebApi.RawHttpClientBase.SendAsync[T](HttpRequestMessage message, Boolean readErrorBody, Object userState, CancellationToken cancellationToken)
   at Sdk.WebApi.WebApi.RawHttpClientBase.SendAsync[T](HttpMethod method, IEnumerable`1 additionalHeaders, Uri requestUri, HttpContent content, IEnumerable`1 queryParameters, Boolean readErrorBody, Object userState, CancellationToken cancellationToken)
   at GitHub.Actions.RunService.WebApi.BrokerHttpClient.GetRunnerMessageAsync(Nullable`1 sessionId, String runnerVersion, Nullable`1 status, String os, String architecture, Nullable`1 disableUpdate, CancellationToken cancellationToken)
   at GitHub.Runner.Common.BrokerServer.<>c__DisplayClass7_0.<<GetRunnerMessageAsync>b__0>d.MoveNext()
--- End of stack trace from previous location ---
   at GitHub.Runner.Common.RunnerService.RetryRequest[T](Func`1 func, CancellationToken cancellationToken, Int32 maxAttempts, Func`2 shouldRetry)
[2025-11-14 00:46:09Z ERR  BrokerServer] #####################################################
[2025-11-14 00:46:09Z ERR  BrokerServer] System.Threading.Tasks.TaskCanceledException: The operation was canceled.
 ---> System.IO.IOException: Unable to read data from the transport connection: A operação de E/S foi anulada devido a uma saída de thread ou a uma requisição de aplicativo..
 ---> System.Net.Sockets.SocketException (995): A operação de E/S foi anulada devido a uma saída de thread ou a uma requisição de aplicativo.
   --- End of inner exception stack trace ---
   at System.Net.Sockets.Socket.AwaitableSocketAsyncEventArgs.System.Threading.Tasks.Sources.IValueTaskSource<System.Int32>.GetResult(Int16 token)
   at System.Net.Security.SslStream.EnsureFullTlsFrameAsync[TIOAdapter](CancellationToken cancellationToken, Int32 estimatedSize)
   at System.Runtime.CompilerServices.PoolingAsyncValueTaskMethodBuilder`1.StateMachineBox`1.System.Threading.Tasks.Sources.IValueTaskSource<TResult>.GetResult(Int16 token)
   at System.Net.Security.SslStream.ReadAsyncInternal[TIOAdapter](Memory`1 buffer, CancellationToken cancellationToken)
   at System.Runtime.CompilerServices.PoolingAsyncValueTaskMethodBuilder`1.StateMachineBox`1.System.Threading.Tasks.Sources.IValueTaskSource<TResult>.GetResult(Int16 token)
   at System.Net.Http.HttpConnection.SendAsync(HttpRequestMessage request, Boolean async, CancellationToken cancellationToken)
   --- End of inner exception stack trace ---
   at System.Net.Http.HttpConnection.SendAsync(HttpRequestMessage request, Boolean async, CancellationToken cancellationToken)
   at System.Net.Http.AuthenticationHelper.SendWithNtAuthAsync(HttpRequestMessage request, Uri authUri, Boolean async, ICredentials credentials, Boolean isProxyAuth, HttpConnection connection, HttpConnectionPool connectionPool, CancellationToken cancellationToken)
   at System.Net.Http.HttpConnectionPool.SendWithVersionDetectionAndRetryAsync(HttpRequestMessage request, Boolean async, Boolean doRequestAuth, CancellationToken cancellationToken)
   at System.Net.Http.AuthenticationHelper.SendWithAuthAsync(HttpRequestMessage request, Uri authUri, Boolean async, ICredentials credentials, Boolean preAuthenticate, Boolean isProxyAuth, Boolean doRequestAuth, HttpConnectionPool pool, CancellationToken cancellationToken)
   at System.Net.Http.RedirectHandler.SendAsync(HttpRequestMessage request, Boolean async, CancellationToken cancellationToken)
   at GitHub.Services.Common.RawHttpMessageHandler.SendAsync(HttpRequestMessage request, CancellationToken cancellationToken)
   at GitHub.Services.Common.VssHttpRetryMessageHandler.SendAsync(HttpRequestMessage request, CancellationToken cancellationToken)
   at System.Net.Http.HttpClient.<SendAsync>g__Core|83_0(HttpRequestMessage request, HttpCompletionOption completionOption, CancellationTokenSource cts, Boolean disposeCts, CancellationTokenSource pendingRequestsCts, CancellationToken originalCancellationToken)
[2025-11-14 00:46:09Z ERR  BrokerServer] #####################################################
[2025-11-14 00:46:09Z ERR  BrokerServer] System.IO.IOException: Unable to read data from the transport connection: A operação de E/S foi anulada devido a uma saída de thread ou a uma requisição de aplicativo..
 ---> System.Net.Sockets.SocketException (995): A operação de E/S foi anulada devido a uma saída de thread ou a uma requisição de aplicativo.
   --- End of inner exception stack trace ---
   at System.Net.Sockets.Socket.AwaitableSocketAsyncEventArgs.System.Threading.Tasks.Sources.IValueTaskSource<System.Int32>.GetResult(Int16 token)
   at System.Net.Security.SslStream.EnsureFullTlsFrameAsync[TIOAdapter](CancellationToken cancellationToken, Int32 estimatedSize)
   at System.Runtime.CompilerServices.PoolingAsyncValueTaskMethodBuilder`1.StateMachineBox`1.System.Threading.Tasks.Sources.IValueTaskSource<TResult>.GetResult(Int16 token)
   at System.Net.Security.SslStream.ReadAsyncInternal[TIOAdapter](Memory`1 buffer, CancellationToken cancellationToken)
   at System.Runtime.CompilerServices.PoolingAsyncValueTaskMethodBuilder`1.StateMachineBox`1.System.Threading.Tasks.Sources.IValueTaskSource<TResult>.GetResult(Int16 token)
   at System.Net.Http.HttpConnection.SendAsync(HttpRequestMessage request, Boolean async, CancellationToken cancellationToken)
[2025-11-14 00:46:09Z ERR  BrokerServer] #####################################################
[2025-11-14 00:46:09Z ERR  BrokerServer] System.Net.Sockets.SocketException (995): A operação de E/S foi anulada devido a uma saída de thread ou a uma requisição de aplicativo.
[2025-11-14 00:46:09Z WARN BrokerServer] Back off 10,554 seconds before next retry. 4 attempt left.
[2025-11-14 00:46:09Z INFO BrokerMessageListener] Get messages has been cancelled using local token source. Continue to get messages with new status.
[2025-11-14 00:46:11Z INFO Terminal] WRITE LINE: Exiting...
[2025-11-14 00:46:11Z INFO ConfigurationStore] IsServiceConfigured()
[2025-11-14 00:46:11Z INFO ConfigurationStore] IsServiceConfigured: False
[2025-11-14 00:46:11Z INFO HostContext] Runner will be shutdown for UserCancelled
[2025-11-14 00:46:11Z WARN GitHubActionsService] GET request to https://broker.actions.githubusercontent.com/message?sessionId=4d3e1bd8-4af2-4abf-b593-39c422f8e5bc&status=Online&runnerVersion=2.329.0&os=Windows&architecture=X64&disableUpdate=false has been cancelled.
[2025-11-14 00:46:11Z ERR  BrokerServer] Catch exception during request
[2025-11-14 00:46:11Z ERR  BrokerServer] System.Threading.Tasks.TaskCanceledException: The operation was canceled.
 ---> System.Threading.Tasks.TaskCanceledException: The operation was canceled.
 ---> System.IO.IOException: Unable to read data from the transport connection: A operação de E/S foi anulada devido a uma saída de thread ou a uma requisição de aplicativo..
 ---> System.Net.Sockets.SocketException (995): A operação de E/S foi anulada devido a uma saída de thread ou a uma requisição de aplicativo.
   --- End of inner exception stack trace ---
   at System.Net.Sockets.Socket.AwaitableSocketAsyncEventArgs.System.Threading.Tasks.Sources.IValueTaskSource<System.Int32>.GetResult(Int16 token)
   at System.Net.Security.SslStream.EnsureFullTlsFrameAsync[TIOAdapter](CancellationToken cancellationToken, Int32 estimatedSize)
   at System.Runtime.CompilerServices.PoolingAsyncValueTaskMethodBuilder`1.StateMachineBox`1.System.Threading.Tasks.Sources.IValueTaskSource<TResult>.GetResult(Int16 token)
   at System.Net.Security.SslStream.ReadAsyncInternal[TIOAdapter](Memory`1 buffer, CancellationToken cancellationToken)
   at System.Runtime.CompilerServices.PoolingAsyncValueTaskMethodBuilder`1.StateMachineBox`1.System.Threading.Tasks.Sources.IValueTaskSource<TResult>.GetResult(Int16 token)
   at System.Net.Http.HttpConnection.InitialFillAsync(Boolean async)
   at System.Net.Http.HttpConnection.SendAsync(HttpRequestMessage request, Boolean async, CancellationToken cancellationToken)
   --- End of inner exception stack trace ---
   at System.Net.Http.HttpConnection.SendAsync(HttpRequestMessage request, Boolean async, CancellationToken cancellationToken)
   at System.Net.Http.AuthenticationHelper.SendWithNtAuthAsync(HttpRequestMessage request, Uri authUri, Boolean async, ICredentials credentials, Boolean isProxyAuth, HttpConnection connection, HttpConnectionPool connectionPool, CancellationToken cancellationToken)
   at System.Net.Http.HttpConnectionPool.SendWithVersionDetectionAndRetryAsync(HttpRequestMessage request, Boolean async, Boolean doRequestAuth, CancellationToken cancellationToken)
   at System.Net.Http.AuthenticationHelper.SendWithAuthAsync(HttpRequestMessage request, Uri authUri, Boolean async, ICredentials credentials, Boolean preAuthenticate, Boolean isProxyAuth, Boolean doRequestAuth, HttpConnectionPool pool, CancellationToken cancellationToken)
   at System.Net.Http.RedirectHandler.SendAsync(HttpRequestMessage request, Boolean async, CancellationToken cancellationToken)
   at GitHub.Services.Common.RawHttpMessageHandler.SendAsync(HttpRequestMessage request, CancellationToken cancellationToken)
   at GitHub.Services.Common.VssHttpRetryMessageHandler.SendAsync(HttpRequestMessage request, CancellationToken cancellationToken)
   at System.Net.Http.HttpClient.<SendAsync>g__Core|83_0(HttpRequestMessage request, HttpCompletionOption completionOption, CancellationTokenSource cts, Boolean disposeCts, CancellationTokenSource pendingRequestsCts, CancellationToken originalCancellationToken)
   --- End of inner exception stack trace ---
   at System.Net.Http.HttpClient.HandleFailure(Exception e, Boolean telemetryStarted, HttpResponseMessage response, CancellationTokenSource cts, CancellationToken cancellationToken, CancellationTokenSource pendingRequestsCts)
   at System.Net.Http.HttpClient.<SendAsync>g__Core|83_0(HttpRequestMessage request, HttpCompletionOption completionOption, CancellationTokenSource cts, Boolean disposeCts, CancellationTokenSource pendingRequestsCts, CancellationToken originalCancellationToken)
   at Sdk.WebApi.WebApi.RawHttpClientBase.SendAsync(HttpRequestMessage message, HttpCompletionOption completionOption, Object userState, CancellationToken cancellationToken)
   at Sdk.WebApi.WebApi.RawHttpClientBase.SendAsync[T](HttpRequestMessage message, Boolean readErrorBody, Object userState, CancellationToken cancellationToken)
   at Sdk.WebApi.WebApi.RawHttpClientBase.SendAsync[T](HttpMethod method, IEnumerable`1 additionalHeaders, Uri requestUri, HttpContent content, IEnumerable`1 queryParameters, Boolean readErrorBody, Object userState, CancellationToken cancellationToken)
   at GitHub.Actions.RunService.WebApi.BrokerHttpClient.GetRunnerMessageAsync(Nullable`1 sessionId, String runnerVersion, Nullable`1 status, String os, String architecture, Nullable`1 disableUpdate, CancellationToken cancellationToken)
   at GitHub.Runner.Common.BrokerServer.<>c__DisplayClass7_0.<<GetRunnerMessageAsync>b__0>d.MoveNext()
--- End of stack trace from previous location ---
   at GitHub.Runner.Common.RunnerService.RetryRequest[T](Func`1 func, CancellationToken cancellationToken, Int32 maxAttempts, Func`2 shouldRetry)
[2025-11-14 00:46:11Z ERR  BrokerServer] #####################################################
[2025-11-14 00:46:11Z ERR  BrokerServer] System.Threading.Tasks.TaskCanceledException: The operation was canceled.
 ---> System.IO.IOException: Unable to read data from the transport connection: A operação de E/S foi anulada devido a uma saída de thread ou a uma requisição de aplicativo..
 ---> System.Net.Sockets.SocketException (995): A operação de E/S foi anulada devido a uma saída de thread ou a uma requisição de aplicativo.
   --- End of inner exception stack trace ---
   at System.Net.Sockets.Socket.AwaitableSocketAsyncEventArgs.System.Threading.Tasks.Sources.IValueTaskSource<System.Int32>.GetResult(Int16 token)
   at System.Net.Security.SslStream.EnsureFullTlsFrameAsync[TIOAdapter](CancellationToken cancellationToken, Int32 estimatedSize)
   at System.Runtime.CompilerServices.PoolingAsyncValueTaskMethodBuilder`1.StateMachineBox`1.System.Threading.Tasks.Sources.IValueTaskSource<TResult>.GetResult(Int16 token)
   at System.Net.Security.SslStream.ReadAsyncInternal[TIOAdapter](Memory`1 buffer, CancellationToken cancellationToken)
   at System.Runtime.CompilerServices.PoolingAsyncValueTaskMethodBuilder`1.StateMachineBox`1.System.Threading.Tasks.Sources.IValueTaskSource<TResult>.GetResult(Int16 token)
   at System.Net.Http.HttpConnection.InitialFillAsync(Boolean async)
   at System.Net.Http.HttpConnection.SendAsync(HttpRequestMessage request, Boolean async, CancellationToken cancellationToken)
   --- End of inner exception stack trace ---
   at System.Net.Http.HttpConnection.SendAsync(HttpRequestMessage request, Boolean async, CancellationToken cancellationToken)
   at System.Net.Http.AuthenticationHelper.SendWithNtAuthAsync(HttpRequestMessage request, Uri authUri, Boolean async, ICredentials credentials, Boolean isProxyAuth, HttpConnection connection, HttpConnectionPool connectionPool, CancellationToken cancellationToken)
   at System.Net.Http.HttpConnectionPool.SendWithVersionDetectionAndRetryAsync(HttpRequestMessage request, Boolean async, Boolean doRequestAuth, CancellationToken cancellationToken)
   at System.Net.Http.AuthenticationHelper.SendWithAuthAsync(HttpRequestMessage request, Uri authUri, Boolean async, ICredentials credentials, Boolean preAuthenticate, Boolean isProxyAuth, Boolean doRequestAuth, HttpConnectionPool pool, CancellationToken cancellationToken)
   at System.Net.Http.RedirectHandler.SendAsync(HttpRequestMessage request, Boolean async, CancellationToken cancellationToken)
   at GitHub.Services.Common.RawHttpMessageHandler.SendAsync(HttpRequestMessage request, CancellationToken cancellationToken)
   at GitHub.Services.Common.VssHttpRetryMessageHandler.SendAsync(HttpRequestMessage request, CancellationToken cancellationToken)
   at System.Net.Http.HttpClient.<SendAsync>g__Core|83_0(HttpRequestMessage request, HttpCompletionOption completionOption, CancellationTokenSource cts, Boolean disposeCts, CancellationTokenSource pendingRequestsCts, CancellationToken originalCancellationToken)
[2025-11-14 00:46:11Z ERR  BrokerServer] #####################################################
[2025-11-14 00:46:11Z ERR  BrokerServer] System.IO.IOException: Unable to read data from the transport connection: A operação de E/S foi anulada devido a uma saída de thread ou a uma requisição de aplicativo..
 ---> System.Net.Sockets.SocketException (995): A operação de E/S foi anulada devido a uma saída de thread ou a uma requisição de aplicativo.
   --- End of inner exception stack trace ---
   at System.Net.Sockets.Socket.AwaitableSocketAsyncEventArgs.System.Threading.Tasks.Sources.IValueTaskSource<System.Int32>.GetResult(Int16 token)
   at System.Net.Security.SslStream.EnsureFullTlsFrameAsync[TIOAdapter](CancellationToken cancellationToken, Int32 estimatedSize)
   at System.Runtime.CompilerServices.PoolingAsyncValueTaskMethodBuilder`1.StateMachineBox`1.System.Threading.Tasks.Sources.IValueTaskSource<TResult>.GetResult(Int16 token)
   at System.Net.Security.SslStream.ReadAsyncInternal[TIOAdapter](Memory`1 buffer, CancellationToken cancellationToken)
   at System.Runtime.CompilerServices.PoolingAsyncValueTaskMethodBuilder`1.StateMachineBox`1.System.Threading.Tasks.Sources.IValueTaskSource<TResult>.GetResult(Int16 token)
   at System.Net.Http.HttpConnection.InitialFillAsync(Boolean async)
   at System.Net.Http.HttpConnection.SendAsync(HttpRequestMessage request, Boolean async, CancellationToken cancellationToken)
[2025-11-14 00:46:11Z ERR  BrokerServer] #####################################################
[2025-11-14 00:46:11Z ERR  BrokerServer] System.Net.Sockets.SocketException (995): A operação de E/S foi anulada devido a uma saída de thread ou a uma requisição de aplicativo.
[2025-11-14 00:46:11Z WARN BrokerServer] Back off 11,917 seconds before next retry. 4 attempt left.
[2025-11-14 00:46:11Z INFO BrokerMessageListener] Get next message has been cancelled.
[2025-11-14 00:46:11Z INFO JobDispatcher] Shutting down JobDispatcher. Make sure all WorkerDispatcher has finished.
[2025-11-14 00:46:11Z INFO JobDispatcher] Ensure WorkerDispatcher for job 76929aae-b934-5827-ac97-f31180397d19 run to finish, cancel any running job.
[2025-11-14 00:46:11Z INFO JobDispatcher] Job request 76929aae-b934-5827-ac97-f31180397d19 processed succeed.
[2025-11-14 00:46:11Z INFO Runner] Deleting Runner Session...
[2025-11-14 00:46:11Z INFO Listener] Runner execution been cancelled.
